Arguments: 
  /home/leliem/.nvm/versions/node/v14.18.0/bin/node /home/leliem/.nvm/versions/node/v14.18.0/bin/yarn init

PATH: 
  /home/leliem/.nvm/versions/node/v14.18.0/bin:/usr/local/sbin:/usr/local/bin:/usr/sbin:/usr/bin:/sbin:/bin:/usr/games:/usr/local/games:/snap/bin:/snap/bin

Yarn version: 
  1.22.19

Node version: 
  14.18.0

Platform: 
  linux x64

Trace: 
  SyntaxError: /mnt/01D5989DE1DCD090/reactjs-custom-source/reactjs-custom-source/package.json: Unexpected token } in JSON at position 239
      at JSON.parse (<anonymous>)
      at /home/leliem/.nvm/versions/node/v14.18.0/lib/node_modules/yarn/lib/cli.js:1629:59
      at Generator.next (<anonymous>)
      at step (/home/leliem/.nvm/versions/node/v14.18.0/lib/node_modules/yarn/lib/cli.js:310:30)
      at /home/leliem/.nvm/versions/node/v14.18.0/lib/node_modules/yarn/lib/cli.js:321:13

npm manifest: 
  {
    "name": "reactjs-custom-source",
    "version": "1.0.0",
    "description": "Custom source for big project",
    "main": "index.js",
    "scripts": {
      "serve": "webpack serve --mode development",
      "build": "webpack --mode production",
    },
    "repository": {
      "type": "git",
      "url": "git+https://github.com/leliem523/reactjs-custom-source.git"
    },
    "keywords": [],
    "author": "",
    "license": "ISC",
    "bugs": {
      "url": "https://github.com/leliem523/reactjs-custom-source/issues"
    },
    "homepage": "https://github.com/leliem523/reactjs-custom-source#readme",
    "dependencies": {
      "react": "^18.2.0",
      "react-dom": "^18.2.0"
    },
    "devDependencies": {
      "@babel/core": "^7.18.10",
      "@babel/preset-env": "^7.18.10",
      "@babel/preset-react": "^7.18.6",
      "babel-loader": "^8.2.5",
      "html-webpack-plugin": "^5.5.0",
      "webpack": "^5.74.0",
      "webpack-cli": "^4.10.0",
      "webpack-dev-server": "^4.9.3"
    }
  }

yarn manifest: 
  No manifest

Lockfile: 
  No lockfile
